<?xml version="1.0" ?>
<testsuites disabled="0" errors="0" failures="0" tests="1" time="26.706868171691895">
	<testsuite disabled="0" errors="0" failures="0" name="BasicDrive" skipped="0" tests="1" time="26.706868171691895">
		<testcase name="BasicDrive" time="26.706868"/>
	</testsuite>
</testsuites>
