<?xml version="1.0" ?>
<testsuites disabled="0" errors="0" failures="0" tests="1" time="31.78802227973938">
	<testsuite disabled="0" errors="0" failures="0" name="BasicDrive" skipped="0" tests="1" time="31.78802227973938">
		<testcase name="BasicDrive" time="31.788022"/>
	</testsuite>
</testsuites>
