<?xml version="1.0" ?>
<testsuites disabled="0" errors="0" failures="0" tests="1" time="32.19757151603699">
	<testsuite disabled="0" errors="0" failures="0" name="BasicDrive" skipped="0" tests="1" time="32.19757151603699">
		<testcase name="BasicDrive" time="32.197572"/>
	</testsuite>
</testsuites>
