<?xml version="1.0" ?>
<testsuites disabled="0" errors="0" failures="0" tests="1" time="29.995041131973267">
	<testsuite disabled="0" errors="0" failures="0" name="BasicDrive" skipped="0" tests="1" time="29.995041131973267">
		<testcase name="BasicDrive" time="29.995041"/>
	</testsuite>
</testsuites>
