<?xml version="1.0" ?>
<testsuites disabled="0" errors="0" failures="0" tests="1" time="27.66234016418457">
	<testsuite disabled="0" errors="0" failures="0" name="BasicDrive" skipped="0" tests="1" time="27.66234016418457">
		<testcase name="BasicDrive" time="27.662340"/>
	</testsuite>
</testsuites>
