<?xml version="1.0" ?>
<testsuites disabled="0" errors="0" failures="0" tests="1" time="28.023051261901855">
	<testsuite disabled="0" errors="0" failures="0" name="BasicDrive" skipped="0" tests="1" time="28.023051261901855">
		<testcase name="BasicDrive" time="28.023051"/>
	</testsuite>
</testsuites>
