<?xml version="1.0" ?>
<testsuites disabled="0" errors="0" failures="0" tests="1" time="28.912495851516724">
	<testsuite disabled="0" errors="0" failures="0" name="BasicDrive" skipped="0" tests="1" time="28.912495851516724">
		<testcase name="BasicDrive" time="28.912496"/>
	</testsuite>
</testsuites>
