<?xml version="1.0" ?>
<testsuites disabled="0" errors="0" failures="0" tests="1" time="25.665125370025635">
	<testsuite disabled="0" errors="0" failures="0" name="BasicDrive" skipped="0" tests="1" time="25.665125370025635">
		<testcase name="BasicDrive" time="25.665125"/>
	</testsuite>
</testsuites>
