<?xml version="1.0" ?>
<testsuites disabled="0" errors="0" failures="0" tests="1" time="29.202148914337158">
	<testsuite disabled="0" errors="0" failures="0" name="BasicDrive" skipped="0" tests="1" time="29.202148914337158">
		<testcase name="BasicDrive" time="29.202149"/>
	</testsuite>
</testsuites>
