<?xml version="1.0" ?>
<testsuites disabled="0" errors="0" failures="0" tests="1" time="26.86900234222412">
	<testsuite disabled="0" errors="0" failures="0" name="BasicDrive" skipped="0" tests="1" time="26.86900234222412">
		<testcase name="BasicDrive" time="26.869002"/>
	</testsuite>
</testsuites>
