<?xml version="1.0" ?>
<testsuites disabled="0" errors="0" failures="0" tests="1" time="26.24049711227417">
	<testsuite disabled="0" errors="0" failures="0" name="BasicDrive" skipped="0" tests="1" time="26.24049711227417">
		<testcase name="BasicDrive" time="26.240497"/>
	</testsuite>
</testsuites>
