<?xml version="1.0" ?>
<testsuites disabled="0" errors="0" failures="0" tests="1" time="25.684977293014526">
	<testsuite disabled="0" errors="0" failures="0" name="BasicDrive" skipped="0" tests="1" time="25.684977293014526">
		<testcase name="BasicDrive" time="25.684977"/>
	</testsuite>
</testsuites>
