<?xml version="1.0" ?>
<testsuites disabled="0" errors="0" failures="0" tests="1" time="25.926556825637817">
	<testsuite disabled="0" errors="0" failures="0" name="BasicDrive" skipped="0" tests="1" time="25.926556825637817">
		<testcase name="BasicDrive" time="25.926557"/>
	</testsuite>
</testsuites>
