<?xml version="1.0" ?>
<testsuites disabled="0" errors="0" failures="0" tests="1" time="26.96064853668213">
	<testsuite disabled="0" errors="0" failures="0" name="BasicDrive" skipped="0" tests="1" time="26.96064853668213">
		<testcase name="BasicDrive" time="26.960649"/>
	</testsuite>
</testsuites>
